{"C:\\Users\\Macarena\\Documents\\Proyectos\\fast-projects\\jest\\reverse-string.js": {"path":"C:\\Users\\Macarena\\Documents\\Proyectos\\fast-projects\\jest\\reverse-string.js","statementMap":{"0":{"start":{"line":2,"column":18},"end":{"line":2,"column":33}},"1":{"start":{"line":3,"column":25},"end":{"line":3,"column":27}},"2":{"start":{"line":5,"column":4},"end":{"line":7,"column":5}},"3":{"start":{"line":6,"column":8},"end":{"line":6,"column":38}},"4":{"start":{"line":9,"column":4},"end":{"line":9,"column":32}},"5":{"start":{"line":12,"column":0},"end":{"line":12,"column":27}},"6":{"start":{"line":14,"column":0},"end":{"line":14,"column":31}}},"fnMap":{"0":{"name":"reverseString","decl":{"start":{"line":1,"column":9},"end":{"line":1,"column":22}},"loc":{"start":{"line":1,"column":30},"end":{"line":10,"column":1}},"line":1}},"branchMap":{},"s":{"0":7,"1":7,"2":7,"3":119,"4":7,"5":1,"6":1},"f":{"0":7},"b":{},"_coverageSchema":"1a1c01bbd47fc00a2c39e90264f33305004495a9","hash":"9f2aaed12a6c14b321d716090e51f760941ab2a6"}
}
