{"C:\\Users\\Macarena\\Documents\\Proyectos\\fast-projects\\jest\\caesar-cipher.js": {"path":"C:\\Users\\Macarena\\Documents\\Proyectos\\fast-projects\\jest\\caesar-cipher.js","statementMap":{"0":{"start":{"line":2,"column":18},"end":{"line":2,"column":46}},"1":{"start":{"line":3,"column":16},"end":{"line":3,"column":32}},"2":{"start":{"line":4,"column":18},"end":{"line":4,"column":20}},"3":{"start":{"line":12,"column":4},"end":{"line":23,"column":6}},"4":{"start":{"line":13,"column":20},"end":{"line":13,"column":41}},"5":{"start":{"line":15,"column":8},"end":{"line":21,"column":9}},"6":{"start":{"line":16,"column":12},"end":{"line":16,"column":53}},"7":{"start":{"line":18,"column":13},"end":{"line":21,"column":9}},"8":{"start":{"line":19,"column":12},"end":{"line":19,"column":41}},"9":{"start":{"line":20,"column":12},"end":{"line":20,"column":53}},"10":{"start":{"line":25,"column":4},"end":{"line":25,"column":19}},"11":{"start":{"line":28,"column":0},"end":{"line":28,"column":40}},"12":{"start":{"line":30,"column":0},"end":{"line":30,"column":30}}},"fnMap":{"0":{"name":"caesarCipher","decl":{"start":{"line":1,"column":9},"end":{"line":1,"column":21}},"loc":{"start":{"line":1,"column":37},"end":{"line":26,"column":1}},"line":1},"1":{"name":"(anonymous_1)","decl":{"start":{"line":12,"column":18},"end":{"line":12,"column":19}},"loc":{"start":{"line":12,"column":30},"end":{"line":23,"column":5}},"line":12}},"branchMap":{"0":{"loc":{"start":{"line":15,"column":8},"end":{"line":21,"column":9}},"type":"if","locations":[{"start":{"line":15,"column":8},"end":{"line":21,"column":9}},{"start":{"line":18,"column":13},"end":{"line":21,"column":9}}],"line":15},"1":{"loc":{"start":{"line":18,"column":13},"end":{"line":21,"column":9}},"type":"if","locations":[{"start":{"line":18,"column":13},"end":{"line":21,"column":9}},{"start":{},"end":{}}],"line":18}},"s":{"0":3,"1":3,"2":3,"3":3,"4":18,"5":18,"6":12,"7":6,"8":6,"9":6,"10":3,"11":1,"12":1},"f":{"0":3,"1":18},"b":{"0":[12,6],"1":[6,0]},"_coverageSchema":"1a1c01bbd47fc00a2c39e90264f33305004495a9","hash":"c80ce57e83ac3cb036473ac8af31dbb5ee0c366e"}
}
