{"C:\\Users\\Macarena\\Documents\\Proyectos\\fast-projects\\jest\\calculator.js": {"path":"C:\\Users\\Macarena\\Documents\\Proyectos\\fast-projects\\jest\\calculator.js","statementMap":{"0":{"start":{"line":3,"column":16},"end":{"line":6,"column":5}},"1":{"start":{"line":4,"column":18},"end":{"line":4,"column":23}},"2":{"start":{"line":5,"column":8},"end":{"line":5,"column":19}},"3":{"start":{"line":8,"column":22},"end":{"line":14,"column":5}},"4":{"start":{"line":9,"column":18},"end":{"line":9,"column":23}},"5":{"start":{"line":10,"column":8},"end":{"line":12,"column":9}},"6":{"start":{"line":11,"column":12},"end":{"line":11,"column":41}},"7":{"start":{"line":13,"column":8},"end":{"line":13,"column":19}},"8":{"start":{"line":16,"column":19},"end":{"line":22,"column":5}},"9":{"start":{"line":17,"column":18},"end":{"line":17,"column":23}},"10":{"start":{"line":18,"column":8},"end":{"line":20,"column":9}},"11":{"start":{"line":19,"column":12},"end":{"line":19,"column":42}},"12":{"start":{"line":21,"column":8},"end":{"line":21,"column":19}},"13":{"start":{"line":24,"column":21},"end":{"line":30,"column":5}},"14":{"start":{"line":25,"column":19},"end":{"line":25,"column":24}},"15":{"start":{"line":26,"column":8},"end":{"line":28,"column":9}},"16":{"start":{"line":27,"column":12},"end":{"line":27,"column":43}},"17":{"start":{"line":29,"column":8},"end":{"line":29,"column":20}},"18":{"start":{"line":32,"column":4},"end":{"line":37,"column":5}},"19":{"start":{"line":40,"column":11},"end":{"line":40,"column":27}},"20":{"start":{"line":41,"column":0},"end":{"line":41,"column":32}},"21":{"start":{"line":43,"column":0},"end":{"line":43,"column":28}}},"fnMap":{"0":{"name":"calculator","decl":{"start":{"line":1,"column":9},"end":{"line":1,"column":19}},"loc":{"start":{"line":1,"column":26},"end":{"line":38,"column":1}},"line":1},"1":{"name":"(anonymous_1)","decl":{"start":{"line":3,"column":16},"end":{"line":3,"column":17}},"loc":{"start":{"line":3,"column":32},"end":{"line":6,"column":5}},"line":3},"2":{"name":"(anonymous_2)","decl":{"start":{"line":8,"column":22},"end":{"line":8,"column":23}},"loc":{"start":{"line":8,"column":38},"end":{"line":14,"column":5}},"line":8},"3":{"name":"(anonymous_3)","decl":{"start":{"line":16,"column":19},"end":{"line":16,"column":20}},"loc":{"start":{"line":16,"column":35},"end":{"line":22,"column":5}},"line":16},"4":{"name":"(anonymous_4)","decl":{"start":{"line":24,"column":21},"end":{"line":24,"column":22}},"loc":{"start":{"line":24,"column":37},"end":{"line":30,"column":5}},"line":24}},"branchMap":{"0":{"loc":{"start":{"line":10,"column":8},"end":{"line":12,"column":9}},"type":"if","locations":[{"start":{"line":10,"column":8},"end":{"line":12,"column":9}},{"start":{},"end":{}}],"line":10},"1":{"loc":{"start":{"line":18,"column":8},"end":{"line":20,"column":9}},"type":"if","locations":[{"start":{"line":18,"column":8},"end":{"line":20,"column":9}},{"start":{},"end":{}}],"line":18},"2":{"loc":{"start":{"line":26,"column":8},"end":{"line":28,"column":9}},"type":"if","locations":[{"start":{"line":26,"column":8},"end":{"line":28,"column":9}},{"start":{},"end":{}}],"line":26}},"s":{"0":11,"1":11,"2":11,"3":11,"4":12,"5":12,"6":2,"7":10,"8":11,"9":9,"10":9,"11":6,"12":3,"13":11,"14":10,"15":10,"16":4,"17":6,"18":11,"19":1,"20":1,"21":1},"f":{"0":11,"1":11,"2":12,"3":9,"4":10},"b":{"0":[2,10],"1":[6,3],"2":[4,6]},"_coverageSchema":"1a1c01bbd47fc00a2c39e90264f33305004495a9","hash":"1ac9f6b274fb969ab505996a88494d070a85c373"}
}
