TN:
SF:calculator.js
FN:1,calculator
FN:3,(anonymous_1)
FN:8,(anonymous_2)
FN:16,(anonymous_3)
FN:24,(anonymous_4)
FNF:5
FNH:5
FNDA:11,calculator
FNDA:11,(anonymous_1)
FNDA:12,(anonymous_2)
FNDA:9,(anonymous_3)
FNDA:10,(anonymous_4)
DA:3,11
DA:4,11
DA:5,11
DA:8,11
DA:9,12
DA:10,12
DA:11,2
DA:13,10
DA:16,11
DA:17,9
DA:18,9
DA:19,6
DA:21,3
DA:24,11
DA:25,10
DA:26,10
DA:27,4
DA:29,6
DA:32,11
DA:40,1
DA:41,1
DA:43,1
LF:22
LH:22
BRDA:10,0,0,2
BRDA:10,0,1,10
BRDA:18,1,0,6
BRDA:18,1,1,3
BRDA:26,2,0,4
BRDA:26,2,1,6
BRF:6
BRH:6
end_of_record
